<?xml version='1.0' encoding='utf-8'?>
<testsuite name="io.codecks.data.privacy.M19DiagnosticsSupportTest" tests="7" failures="0" errors="0" skipped="0"><testcase name="bundleIsBoundedAndContainsNoContentBearingFieldsOrCanaries" classname="io.codecks.data.privacy.M19DiagnosticsSupportTest" /><testcase name="closedSchemaAcceptsOnlyKnownBoundedTypedPayload" classname="io.codecks.data.privacy.M19DiagnosticsSupportTest" /><testcase name="everyInjectedFailureHasActionableM06DiagnosisAndPublicDocumentation" classname="io.codecks.data.privacy.M19DiagnosticsSupportTest" /><testcase name="productionSupportCodesComeOnlyFromCanonicalTypedRegistry" classname="io.codecks.data.privacy.M19DiagnosticsSupportTest" /><testcase name="receiptsAreDerivedFromTerminalTypedEventsAndBounded" classname="io.codecks.data.privacy.M19DiagnosticsSupportTest" /><testcase name="receiptsOmitUncapturedSupportCodesAndRejectInjectedCodes" classname="io.codecks.data.privacy.M19DiagnosticsSupportTest" /><testcase name="releaseSettingsExposeRedactedSupportExport" classname="io.codecks.data.privacy.M19DiagnosticsSupportTest" /></testsuite>