<?xml version='1.0' encoding='UTF-8' ?>
<testsuites tests="6" failures="0" errors="0" skipped="0" time="24.856" timestamp="2026-08-10T23:06:12" hostname="localhost">
  <testsuite name="io.codecks.ui.designsystem.CodecksDesignSystemInstrumentedTest" tests="6" failures="0" errors="0" skipped="0" time="23.827" timestamp="2026-08-10T23:06:12" hostname="localhost">
    <properties>
      <property name="device" value="pixel6Api35" />
      <property name="flavor" value="playInternal" />
      <property name="project" value=":app" />
    </properties>
    <testcase name="lockscreenCriticalActionsRemainVisibleAndTouchableAtTwoHundredPercentText" classname="io.codecks.ui.designsystem.CodecksDesignSystemInstrumentedTest" time="3.473" />
    <testcase name="widgetInitialLayoutInflatesWithTokenOwnedFallbacks" classname="io.codecks.ui.designsystem.CodecksDesignSystemInstrumentedTest" time="2.434" />
    <testcase name="customThemeAndReducedMotionOverlayRenderWithoutDecorativeSemantics" classname="io.codecks.ui.designsystem.CodecksDesignSystemInstrumentedTest" time="3.843" />
    <testcase name="deckAndHelperRenderInRtlDexWindowWithHighContrastOledThemeAndHaptics" classname="io.codecks.ui.designsystem.CodecksDesignSystemInstrumentedTest" time="5.589" />
    <testcase name="ckDeckKeyFocusRingAndClickLongClickHapticsAreObservable" classname="io.codecks.ui.designsystem.CodecksDesignSystemInstrumentedTest" time="6.119" />
    <testcase name="animatorScaleChangesUpdateMotionPolicyWithoutRecreatingComposition" classname="io.codecks.ui.designsystem.CodecksDesignSystemInstrumentedTest" time="2.369" />
  </testsuite>
</testsuites>